<?xml version="1.0" encoding="UTF-8"?><testsuite errors="4" failures="0" name="Finding New Cars" skipped="0" tests="4" time="4.09" timestamp="2022-09-09 05:43:41"><testcase name="User finding a new car"><error message="Could not instantiate new WebDriver instance of type class org.openqa.selenium.chrome.ChromeDriver (session not created: This version of ChromeDriver only supports Chrome version 83&#10;Build info: version: '3.141.59', revision: 'e82be7d358', time: '2018-11-14T08:17:03'&#10;System info: host: 'WIN-PRO', ip: '10.6.12.2', os.name: 'Windows 10', os.arch: 'amd64', os.version: '10.0', java.version: '11.0.13'&#10;Driver info: driver.version: ProvideNewDriver&#10;remote stacktrace: Backtrace:&#10;&#9;Ordinal0 [0x00E49563+2725219]&#10;&#9;Ordinal0 [0x00D48551+1672529]&#10;&#9;Ordinal0 [0x00C30359+525145]&#10;&#9;Ordinal0 [0x00BC0B77+68471]&#10;&#9;Ordinal0 [0x00BBD32C+54060]&#10;&#9;Ordinal0 [0x00BDCC37+183351]&#10;&#9;Ordinal0 [0x00BDCA3D+182845]&#10;&#9;Ordinal0 [0x00BDA94B+174411]&#10;&#9;Ordinal0 [0x00BC2528+75048]&#10;&#9;Ordinal0 [0x00BC35A0+79264]&#10;&#9;Ordinal0 [0x00BC3539+79161]&#10;&#9;Ordinal0 [0x00D5D607+1758727]&#10;&#9;GetHandleVerifier [0x00F66546+1050150]&#10;&#9;GetHandleVerifier [0x00F66291+1049457]&#10;&#9;GetHandleVerifier [0x00F710D7+1094071]&#10;&#9;GetHandleVerifier [0x00F66B46+1051686]&#10;&#9;Ordinal0 [0x00D55B06+1727238]&#10;&#9;Ordinal0 [0x00D5EB7B+1764219]&#10;&#9;Ordinal0 [0x00D5ECE3+1764579]&#10;&#9;Ordinal0 [0x00D74C05+1854469]&#10;&#9;BaseThreadInitThunk [0x76C96739+25]&#10;&#9;RtlGetFullPathName_UEx [0x77638E7F+1215]&#10;&#9;RtlGetFullPathName_UEx [0x77638E4D+1165]&#10;). See below for more details." type="net.thucydides.core.webdriver.DriverConfigurationError">Could not instantiate new WebDriver instance of type class org.openqa.selenium.chrome.ChromeDriver (session not created: This version of ChromeDriver only supports Chrome version 83
Build info: version: '3.141.59', revision: 'e82be7d358', time: '2018-11-14T08:17:03'
System info: host: 'WIN-PRO', ip: '10.6.12.2', os.name: 'Windows 10', os.arch: 'amd64', os.version: '10.0', java.version: '11.0.13'
Driver info: driver.version: ProvideNewDriver
remote stacktrace: Backtrace:
	Ordinal0 [0x00E49563+2725219]
	Ordinal0 [0x00D48551+1672529]
	Ordinal0 [0x00C30359+525145]
	Ordinal0 [0x00BC0B77+68471]
	Ordinal0 [0x00BBD32C+54060]
	Ordinal0 [0x00BDCC37+183351]
	Ordinal0 [0x00BDCA3D+182845]
	Ordinal0 [0x00BDA94B+174411]
	Ordinal0 [0x00BC2528+75048]
	Ordinal0 [0x00BC35A0+79264]
	Ordinal0 [0x00BC3539+79161]
	Ordinal0 [0x00D5D607+1758727]
	GetHandleVerifier [0x00F66546+1050150]
	GetHandleVerifier [0x00F66291+1049457]
	GetHandleVerifier [0x00F710D7+1094071]
	GetHandleVerifier [0x00F66B46+1051686]
	Ordinal0 [0x00D55B06+1727238]
	Ordinal0 [0x00D5EB7B+1764219]
	Ordinal0 [0x00D5ECE3+1764579]
	Ordinal0 [0x00D74C05+1854469]
	BaseThreadInitThunk [0x76C96739+25]
	RtlGetFullPathName_UEx [0x77638E7F+1215]
	RtlGetFullPathName_UEx [0x77638E4D+1165]
). See below for more details.</error><system-err>Could not instantiate new WebDriver instance of type class org.openqa.selenium.chrome.ChromeDriver (session not created: This version of ChromeDriver only supports Chrome version 83
Build info: version: '3.141.59', revision: 'e82be7d358', time: '2018-11-14T08:17:03'
System info: host: 'WIN-PRO', ip: '10.6.12.2', os.name: 'Windows 10', os.arch: 'amd64', os.version: '10.0', java.version: '11.0.13'
Driver info: driver.version: ProvideNewDriver
remote stacktrace: Backtrace:
	Ordinal0 [0x00E49563+2725219]
	Ordinal0 [0x00D48551+1672529]
	Ordinal0 [0x00C30359+525145]
	Ordinal0 [0x00BC0B77+68471]
	Ordinal0 [0x00BBD32C+54060]
	Ordinal0 [0x00BDCC37+183351]
	Ordinal0 [0x00BDCA3D+182845]
	Ordinal0 [0x00BDA94B+174411]
	Ordinal0 [0x00BC2528+75048]
	Ordinal0 [0x00BC35A0+79264]
	Ordinal0 [0x00BC3539+79161]
	Ordinal0 [0x00D5D607+1758727]
	GetHandleVerifier [0x00F66546+1050150]
	GetHandleVerifier [0x00F66291+1049457]
	GetHandleVerifier [0x00F710D7+1094071]
	GetHandleVerifier [0x00F66B46+1051686]
	Ordinal0 [0x00D55B06+1727238]
	Ordinal0 [0x00D5EB7B+1764219]
	Ordinal0 [0x00D5ECE3+1764579]
	Ordinal0 [0x00D74C05+1854469]
	BaseThreadInitThunk [0x76C96739+25]
	RtlGetFullPathName_UEx [0x77638E7F+1215]
	RtlGetFullPathName_UEx [0x77638E4D+1165]
). See below for more details.&#13;
steps.CarWaleSteps.navigate(CarWaleSteps.java:20)&#13;
cucumbersteps.NewCarSteps.user_navigate_to_the_website(NewCarSteps.java:25)&#13;
cucumber.runner.Runner.runPickle(Runner.java:80)&#13;
</system-err></testcase></testsuite>